<?xml version="1.0" encoding="UTF-8"?>
<testng-results ignored="0" total="2" passed="2" failed="0" skipped="0">
  <reporter-output>
  </reporter-output>
  <suite started-at="2020-03-14T06:41:11Z" name="Default suite" finished-at="2020-03-14T06:41:15Z" duration-ms="3636">
    <groups>
    </groups>
    <test started-at="2020-03-14T06:41:11Z" name="Default test" finished-at="2020-03-14T06:41:15Z" duration-ms="3636">
      <class name="com.offlineWebsiteTest.OfflineTest">
        <test-method is-config="true" signature="seUp()[pri:0, instance:com.offlineWebsiteTest.OfflineTest@6107227e]" started-at="2020-03-14T06:40:59Z" name="seUp" finished-at="2020-03-14T06:41:11Z" duration-ms="11858" status="PASS">
          <reporter-output>
          </reporter-output>
        </test-method> <!-- seUp -->
        <test-method signature="test01_login()[pri:0, instance:com.offlineWebsiteTest.OfflineTest@6107227e]" started-at="2020-03-14T06:41:11Z" name="test01_login" finished-at="2020-03-14T06:41:13Z" duration-ms="1936" status="PASS">
          <reporter-output>
          </reporter-output>
        </test-method> <!-- test01_login -->
        <test-method signature="test02_addUser()[pri:0, instance:com.offlineWebsiteTest.OfflineTest@6107227e]" started-at="2020-03-14T06:41:13Z" name="test02_addUser" finished-at="2020-03-14T06:41:15Z" duration-ms="1665" status="PASS">
          <reporter-output>
          </reporter-output>
        </test-method> <!-- test02_addUser -->
        <test-method is-config="true" signature="tearDown()[pri:0, instance:com.offlineWebsiteTest.OfflineTest@6107227e]" started-at="2020-03-14T06:41:15Z" name="tearDown" finished-at="2020-03-14T06:41:16Z" duration-ms="1195" status="PASS">
          <reporter-output>
          </reporter-output>
        </test-method> <!-- tearDown -->
      </class> <!-- com.offlineWebsiteTest.OfflineTest -->
    </test> <!-- Default test -->
  </suite> <!-- Default suite -->
</testng-results>
